0 silly input [ 'build' ]
1 silly flags {
1 silly flags   _: [ 'run' ],
1 silly flags   'reject-cycles': true,
1 silly flags   rejectCycles: true,
1 silly flags   script: 'build',
1 silly flags   args: []
1 silly flags }
2 verbose rootPath /Users/nacho/Development/node-backend-base/base-backend
3 info version 2.11.0
4 silly existsSync /Users/nacho/Development/node-backend-base/base-backend/VERSION
5 silly initialize attempt
6 silly initialize success
7 silly execute attempt
8 silly runScriptInPackageStreaming [ 'build', [], '@theia/application-package' ]
9 silly getExecOpts {
9 silly getExecOpts   cwd: '/Users/nacho/Development/node-backend-base/base-backend/dev-packages/application-package'
9 silly getExecOpts }
10 silly runScriptInPackageStreaming [ 'build', [], '@theia/cli' ]
11 silly getExecOpts {
11 silly getExecOpts   cwd: '/Users/nacho/Development/node-backend-base/base-backend/dev-packages/cli'
11 silly getExecOpts }
12 silly runScriptInPackageStreaming [ 'build', [], '@theia/ext-scripts' ]
13 silly getExecOpts {
13 silly getExecOpts   cwd: '/Users/nacho/Development/node-backend-base/base-backend/dev-packages/ext-scripts'
13 silly getExecOpts }
14 silly runScriptInPackageStreaming [ 'build', [], '@theia/application-manager' ]
15 silly getExecOpts {
15 silly getExecOpts   cwd: '/Users/nacho/Development/node-backend-base/base-backend/dev-packages/application-manager'
15 silly getExecOpts }
16 silly runScriptInPackageStreaming [ 'build', [], '@loop/core' ]
17 silly getExecOpts {
17 silly getExecOpts   cwd: '/Users/nacho/Development/node-backend-base/base-backend/packages/core'
17 silly getExecOpts }
18 silly runScriptInPackageStreaming [ 'build', [], '@loop/data-models' ]
19 silly getExecOpts {
19 silly getExecOpts   cwd: '/Users/nacho/Development/node-backend-base/base-backend/packages/data-models'
19 silly getExecOpts }
20 silly runScriptInPackageStreaming [ 'build', [], '@loop/browser' ]
21 silly getExecOpts {
21 silly getExecOpts   cwd: '/Users/nacho/Development/node-backend-base/base-backend/examples/browser'
21 silly getExecOpts }
22 error execute callback with error
23 error Error: Command failed: yarn run build
23 error Error: webpack exited with an unexpected code: 2.
23 error     at ChildProcess.<anonymous> (/Users/nacho/Development/node-backend-base/base-backend/dev-packages/cli/node_modules/@theia/application-manager/lib/application-process.js:85:28)
23 error     at ChildProcess.emit (events.js:310:20)
23 error     at maybeClose (internal/child_process.js:1021:16)
23 error     at Socket.<anonymous> (internal/child_process.js:443:11)
23 error     at Socket.emit (events.js:310:20)
23 error     at Pipe.<anonymous> (net.js:672:12)
23 error error Command failed with exit code 1.
23 error
23 error $ theiaext compile && theia build --mode development
23 error Hash: 4d8361eeae8b66a39b33
23 error Version: webpack 4.46.0
23 error Time: 1962ms
23 error Built at: 09/30/2021 3:01:56 PM
23 error                                   Asset      Size  Chunks                   Chunk Names
23 error    674f50d287a8c48dc19ba404d20fe713.eot   162 KiB          [emitted]
23 error 674f50d287a8c48dc19ba404d20fe713.eot.gz  95.9 KiB          [emitted]
23 error    912ec66d7572ff821749319396470bde.svg   434 KiB          [emitted]
23 error 912ec66d7572ff821749319396470bde.svg.gz   131 KiB          [emitted]
23 error  af7ae505a9eed503f8b8e6982036873e.woff2  75.4 KiB          [emitted]
23 error    b06871f281fee6b241d60582ae9369b9.ttf   162 KiB          [emitted]
23 error b06871f281fee6b241d60582ae9369b9.ttf.gz  95.8 KiB          [emitted]
23 error                               bundle.js  1.22 MiB    main  [emitted]        main
23 error                            bundle.js.gz   270 KiB          [emitted]
23 error                           bundle.js.map  1.33 MiB    main  [emitted] [dev]  main
23 error                        bundle.js.map.gz   282 KiB          [emitted]
23 error   fee66e712a8a08eef5805a46892932ad.woff  95.7 KiB          [emitted]
23 error Entrypoint main = bundle.js bundle.js.map
23 error [../../node_modules/css-loader/index.js!../../packages/core/src/browser/styles/index.css] /Users/nacho/Development/node-backend-base/base-backend/node_modules/css-loader!/Users/nacho/Development/node-backend-base/base-backend/packages/core/src/browser/styles/index.css 934 bytes {main} [built]
23 error [../../node_modules/css-loader/index.js!../../packages/core/src/browser/styles/loop-startup.css] /Users/nacho/Development/node-backend-base/base-backend/node_modules/css-loader!/Users/nacho/Development/node-backend-base/base-backend/packages/core/src/browser/styles/loop-startup.css 5.48 KiB {main} [built]
23 error [../../node_modules/css-loader/index.js!../../packages/core/src/browser/styles/variables.css] /Users/nacho/Development/node-backend-base/base-backend/node_modules/css-loader!/Users/nacho/Development/node-backend-base/base-backend/packages/core/src/browser/styles/variables.css 2.73 KiB {main} [built]
23 error [../../node_modules/webpack/buildin/global.js] (webpack)/buildin/global.js 472 bytes {main} [built]
23 error [../../packages/core/lib/browser/frontend-application-module.js] /Users/nacho/Development/node-backend-base/base-backend/packages/core/lib/browser/frontend-application-module.js 585 bytes {main} [built]
23 error [../../packages/core/lib/browser/frontend-application.js] /Users/nacho/Development/node-backend-base/base-backend/packages/core/lib/browser/frontend-application.js 1.53 KiB {main} [built]
23 error [../../packages/core/lib/browser/index.js] /Users/nacho/Development/node-backend-base/base-backend/packages/core/lib/browser/index.js 754 bytes {main} [built]
23 error [../../packages/core/src/browser/styles/icons/loop.svg] /Users/nacho/Development/node-backend-base/base-backend/packages/core/src/browser/styles/icons/loop.svg 1.9 KiB {main} [built]
23 error [../../packages/core/src/browser/styles/index.css] /Users/nacho/Development/node-backend-base/base-backend/packages/core/src/browser/styles/index.css 1.09 KiB {main} [built]
23 error [./src-gen/frontend/index.js] 850 bytes {main} [built]
23 error     + 67 hidden modules
23 error
23 error WARNING in /Users/nacho/Development/node-backend-base/base-backend/node_modules/inversify/lib/annotation/decorator_utils.js
23 error Module Warning (from /Users/nacho/Development/node-backend-base/base-backend/node_modules/source-map-loader/index.js):
23 error (Emitted value instead of an instance of Error) Cannot find source file '../../src/annotation/decorator_utils.ts': Error: Can't resolve '../../src/annotation/decorator_utils.ts' in '/Users/nacho/Development/node-backend-base/base-backend/node_modules/inversify/lib/annotation'
23 error  @ /Users/nacho/Development/node-backend-base/base-backend/node_modules/inversify/lib/inversify.js 38:24-63
23 error  @ ./src-gen/frontend/index.js
23 error
23 error WARNING in /Users/nacho/Development/node-backend-base/base-backend/node_modules/inversify/lib/annotation/inject.js
23 error Module Warning (from /Users/nacho/Development/node-backend-base/base-backend/node_modules/source-map-loader/index.js):
23 error (Emitted value instead of an instance of Error) Cannot find source file '../../src/annotation/inject.ts': Error: Can't resolve '../../src/annotation/inject.ts' in '/Users/nacho/Development/node-backend-base/base-backend/node_modules/inversify/lib/annotation'
23 error  @ /Users/nacho/Development/node-backend-base/base-backend/node_modules/inversify/lib/inversify.js 21:15-45
23 error  @ ./src-gen/frontend/index.js
23 error
23 error WARNING in /Users/nacho/Development/node-backend-base/base-backend/node_modules/inversify/lib/annotation/injectable.js
23 error Module Warning (from /Users/nacho/Development/node-backend-base/base-backend/node_modules/source-map-loader/index.js):
23 error (Emitted value instead of an instance of Error) Cannot find source file '../../src/annotation/injectable.ts': Error: Can't resolve '../../src/annotation/injectable.ts' in '/Users/nacho/Development/node-backend-base/base-backend/node_modules/inversify/lib/annotation'
23 error  @ /Users/nacho/Development/node-backend-base/base-backend/node_modules/inversify/lib/inversify.js 15:19-53
23 error  @ ./src-gen/frontend/index.js
23 error
23 error WARNING in /Users/nacho/Development/node-backend-base/base-backend/node_modules/inversify/lib/annotation/multi_inject.js
23 error Module Warning (from /Users/nacho/Development/node-backend-base/base-backend/node_modules/source-map-loader/index.js):
23 error (Emitted value instead of an instance of Error) Cannot find source file '../../src/annotation/multi_inject.ts': Error: Can't resolve '../../src/annotation/multi_inject.ts' in '/Users/nacho/Development/node-backend-base/base-backend/node_modules/inversify/lib/annotation'
23 error  @ /Users/nacho/Development/node-backend-base/base-backend/node_modules/inversify/lib/inversify.js 28:21-57
23 error  @ ./src-gen/frontend/index.js
23 error
23 error WARNING in /Users/nacho/Development/node-backend-base/base-backend/node_modules/inversify/lib/annotation/named.js
23 error Module Warning (from /Users/nacho/Development/node-backend-base/base-backend/node_modules/source-map-loader/index.js):
23 error (Emitted value instead of an instance of Error) Cannot find source file '../../src/annotation/named.ts': Error: Can't resolve '../../src/annotation/named.ts' in '/Users/nacho/Development/node-backend-base/base-backend/node_modules/inversify/lib/annotation'
23 error  @ /Users/nacho/Development/node-backend-base/base-backend/node_modules/inversify/lib/inversify.js 19:14-43
23 error  @ ./src-gen/frontend/index.js
23 error
23 error WARNING in /Users/nacho/Development/node-backend-base/base-backend/node_modules/inversify/lib/annotation/optional.js
23 error Module Warning (from /Users/nacho/Development/node-backend-base/base-backend/node_modules/source-map-loader/index.js):
23 error (Emitted value instead of an instance of Error) Cannot find source file '../../src/annotation/optional.ts': Error: Can't resolve '../../src/annotation/optional.ts' in '/Users/nacho/Development/node-backend-base/base-backend/node_modules/inversify/lib/annotation'
23 error  @ /Users/nacho/Development/node-backend-base/base-backend/node_modules/inversify/lib/inversify.js 24:17-49
23 error  @ ./src-gen/frontend/index.js
23 error
23 error WARNING in /Users/nacho/Development/node-backend-base/base-backend/node_modules/inversify/lib/annotation/post_construct.js
23 error Module Warning (from /Users/nacho/Development/node-backend-base/base-backend/node_modules/source-map-loader/index.js):
23 error (Emitted value instead of an instance of Error) Cannot find source file '../../src/annotation/post_construct.ts': Error: Can't resolve '../../src/annotation/post_construct.ts' in '/Users/nacho/Development/node-backend-base/base-backend/node_modules/inversify/lib/annotation'
23 error  @ /Users/nacho/Development/node-backend-base/base-backend/node_modules/inversify/lib/inversify.js 32:23-61
23 error  @ ./src-gen/frontend/index.js
23 error
23 error WARNING in /Users/nacho/Development/node-backend-base/base-backend/node_modules/inversify/lib/annotation/tagged.js
23 error Module Warning (from /Users/nacho/Development/node-backend-base/base-backend/node_modules/source-map-loader/index.js):
23 error (Emitted value instead of an instance of Error) Cannot find source file '../../src/annotation/tagged.ts': Error: Can't resolve '../../src/annotation/tagged.ts' in '/Users/nacho/Development/node-backend-base/base-backend/node_modules/inversify/lib/annotation'
23 error  @ /Users/nacho/Development/node-back
23 error end-base/base-backend/node_modules/inversify/lib/inversify.js 17:15-45
23 error  @ ./src-gen/frontend/index.js
23 error
23 error WARNING in /Users/nacho/Development/node-backend-base/base-backend/node_modules/inversify/lib/annotation/target_name.js
23 error Module Warning (from /Users/nacho/Development/node-backend-base/base-backend/node_modules/source-map-loader/index.js):
23 error (Emitted value instead of an instance of Error) Cannot find source file '../../src/annotation/target_name.ts': Error: Can't resolve '../../src/annotation/target_name.ts' in '/Users/nacho/Development/node-backend-base/base-backend/node_modules/inversify/lib/annotation'
23 error  @ /Users/nacho/Development/node-backend-base/base-backend/node_modules/inversify/lib/inversify.js 30:20-55
23 error  @ ./src-gen/frontend/index.js
23 error
23 error WARNING in /Users/nacho/Development/node-backend-base/base-backend/node_modules/inversify/lib/annotation/unmanaged.js
23 error Module Warning (from /Users/nacho/Development/node-backend-base/base-backend/node_modules/source-map-loader/index.js):
23 error (Emitted value instead of an instance of Error) Cannot find source file '../../src/annotation/unmanaged.ts': Error: Can't resolve '../../src/annotation/unmanaged.ts' in '/Users/nacho/Development/node-backend-base/base-backend/node_modules/inversify/lib/annotation'
23 error  @ /Users/nacho/Development/node-backend-base/base-backend/node_modules/inversify/lib/inversify.js 26:18-51
23 error  @ ./src-gen/frontend/index.js
23 error
23 error WARNING in /Users/nacho/Development/node-backend-base/base-backend/node_modules/inversify/lib/bindings/binding.js
23 error Module Warning (from /Users/nacho/Development/node-backend-base/base-backend/node_modules/source-map-loader/index.js):
23 error (Emitted value instead of an instance of Error) Cannot find source file '../../src/bindings/binding.ts': Error: Can't resolve '../../src/bindings/binding.ts' in '/Users/nacho/Development/node-backend-base/base-backend/node_modules/inversify/lib/bindings'
23 error  @ /Users/nacho/Development/node-backend-base/base-backend/node_modules/inversify/lib/container/container.js 45:16-46
23 error  @ /Users/nacho/Development/node-backend-base/base-backend/node_modules/inversify/lib/inversify.js
23 error  @ ./src-gen/frontend/index.js
23 error
23 error WARNING in /Users/nacho/Development/node-backend-base/base-backend/node_modules/inversify/lib/bindings/binding_count.js
23 error Module Warning (from /Users/nacho/Development/node-backend-base/base-backend/node_modules/source-map-loader/index.js):
23 error (Emitted value instead of an instance of Error) Cannot find source file '../../src/bindings/binding_count.ts': Error: Can't resolve '../../src/bindings/binding_count.ts' in '/Users/nacho/Development/node-backend-base/base-backend/node_modules/inversify/lib/bindings'
23 error  @ /Users/nacho/Development/node-backend-base/base-backend/node_modules/inversify/lib/planning/planner.js 4:22-58
23 error  @ /Users/nacho/Development/node-backend-base/base-backend/node_modules/inversify/lib/container/container.js
23 error  @ /Users/nacho/Development/node-backend-base/base-backend/node_modules/inversify/lib/inversify.js
23 error  @ ./src-gen/frontend/index.js
23 error
23 error WARNING in /Users/nacho/Development/node-backend-base/base-backend/node_modules/inversify/lib/constants/error_msgs.js
23 error Module Warning (from /Users/nacho/Development/node-backend-base/base-backend/node_modules/source-map-loader/index.js):
23 error (Emitted value instead of an instance of Error) Cannot find source file '../../src/constants/error_msgs.ts': Error: Can't resolve '../../src/constants/error_msgs.ts' in '/Users/nacho/Development/node-backend-base/base-backend/node_modules/inversify/lib/constants'
23 error  @ /Users/nacho/Development/node-backend-base/base-backend/node_modules/inversify/lib/container/container.js 46:17-51
23 error  @ /Users/nacho/Development/node-backend-base/base-backend/node_modules/inversify/lib/inversify.js
23 error  @ ./src-gen/frontend/index.js
23 error
23 error WARNING in /Users/nacho/Development/node-backend-base/base-backend/node_modules/inversify/lib/constants/literal_types.js
23 error Module Warning (from /Users/nacho/Development/node-backend-base/base-backend/node_modules/source-map-loader/index.js):
23 error (Emitted value instead of an instance of Error) Cannot find source file '../../src/constants/literal_types.ts': Error: Can't resolve '../../src/constants/literal_types.ts' in '/Users/nacho/Development/node-backend-base/base-backend/node_modules/inversify/lib/constants'
23 error  @ /Users/nacho/Development/node-backend-base/base-backend/node_modules/inversify/lib/inversify.js 8:22-58
23 error  @ ./src-gen/frontend/index.js
23 error
23 error WARNING in /Users/nacho/Development/node-backend-base/base-backend/node_modules/inversify/lib/constants/metadata_keys.js
23 error Module Warning (from /Users/nacho/Development/node-backend-base/base-backend/node_modules/source-map-loader/index.js):
23 error (Emitted value instead of an instance of Error) Cannot find source file '../../src/constants/metadata_keys.ts': Error: Can't resolve '../../src/constants/metadata_keys.ts' in '/Users/nacho/Development/node-backend-base/base-backend/node_modules/inversify/lib/constants'
23 error  @ /Users/nacho/Development/node-backend-base/base-backend/node_modules/inversify/lib/inversify.js 4:11-47
23 error  @ ./src-gen/frontend/index.js
23 error
23 error WARNING in /Users/nacho/Development/node-backend-base/base-backend/node_modules/inversify/lib/container/container.js
23 error Module Warning (from /Users/nacho/Development/node-backend-base/base-backend/node_modules/source-map-loader/index.js):
23 error (Emitted value instead of an instance of Error) Cannot find source file '../../src/container/container.ts': Error: Can't resolve '../../src/container/container.ts' in '/Users/nacho/Development/node-backend-base/base-backend/node_modules/inversify/lib/container'
23 error  @ /Users/nacho/Development/node-backend-base/base-backend/node_modules/inversify/lib/inversify.js 6:18-50
23 error  @ ./src-gen/frontend/index.js
23 error
23 error WARNING in /Users/nacho/Development/node-backend-base/base-backend/node_modules/inversify/lib/container/container_module.js
23 error Module Warning (from /Users/nacho/Development/node-backend-base/base-backend/node_modules/source-map-loader/index.js):
23 error (Emitted value instead of an instance of Error) Cannot find source file '../../src/container/container_module.ts': Error: Can't resolve '../../src/container/container_module.ts' in '/Users/nacho/Development/node-backend-base/base-backend/node_modules/inversify/lib/container'
23 error  @ /Users/nacho/Development/node-backend-base/base-backend/node_modules/inversify/lib/inversify.js 12:25-64
23 error  @ ./src-gen/frontend/index.js
23 error
23 error WARNING in /Users/nacho/Development/node-backend-base/base-backend/node_modules/inversify/lib/container/container_snapshot.js
23 error Module Warning (from /Users/nacho/Development/node-backend-base/base-backend/node_modules/source-map-loader/index.js):
23 error (Emitted value instead of an instance of Error) Cannot find source file '../../src/container/container_snapshot.ts': Error: Can't resolve '../../src/container/container_snapshot.ts' in '/Users/nacho/Development/node-backend-base/base-backend/node_modules/inversify/lib/container'
23 error  @ /Users/nacho/Development/node-backend-base/base-backend/node_modules/inversify/lib/container/container.js 55:27-58
23 error  @ /Users/nacho/Development/node-backend-base/base-backend/node_modules/inversify/lib/inversify.js
23 error  @ ./src-gen/frontend/index.js
23 error
23 error WARNING in /Users/nacho/Development/node-backend-base/base-backend/node_modules/inversify/lib/container/lookup.js
23 error Module Warning (from /Users/nacho/Development/node-backend-base/base-backend/node_modules/source-map-loader/index.js):
23 error (Emitted value instead of an instance of Error) Cannot find source file '../../src/container/lookup.ts': Error: Can't resolve '../../src/container/lookup.ts' in '/Users/nacho/Development/node-backend-base/base-backend/node_modules/inversify/lib/container'
23 error  @ /Users/nacho/Development/node-backend-base/base-backend/node_modules/inversify/lib/container/container.js 56:15-34
23 error  @ /Users/nacho/Development/node-backend-base/base-backend/node_modules/inversify/lib/inversify.js
23 error  @ ./src-gen/frontend/index.js
23 error
23 error WARNING in /Users/nacho/Development/node-backend-base/base-backend/node_modules/inversify/lib/planning/context.js
23 error Module Warning (from /Users/nacho/Development/node-backend-base/base-backend/node_modules/source-map-loader/index.js):
23 error (Emitted value instead of an instance of Error) Cannot find source file '../../src/planning/context.ts': Error: C
23 error an't resolve '../../src/planning/context.ts' in '/Users/nacho/Development/node-backend-base/base-backend/node_modules/inversify/lib/planning'
23 error  @ /Users/nacho/Development/node-backend-base/base-backend/node_modules/inversify/lib/planning/planner.js 10:16-36
23 error  @ /Users/nacho/Development/node-backend-base/base-backend/node_modules/inversify/lib/container/container.js
23 error  @ /Users/nacho/Development/node-backend-base/base-backend/node_modules/inversify/lib/inversify.js
23 error  @ ./src-gen/frontend/index.js
23 error
23 error WARNING in /Users/nacho/Development/node-backend-base/base-backend/node_modules/inversify/lib/planning/metadata.js
23 error Module Warning (from /Users/nacho/Development/node-backend-base/base-backend/node_modules/source-map-loader/index.js):
23 error (Emitted value instead of an instance of Error) Cannot find source file '../../src/planning/metadata.ts': Error: Can't resolve '../../src/planning/metadata.ts' in '/Users/nacho/Development/node-backend-base/base-backend/node_modules/inversify/lib/planning'
23 error  @ /Users/nacho/Development/node-backend-base/base-backend/node_modules/inversify/lib/annotation/optional.js 5:17-48
23 error  @ /Users/nacho/Development/node-backend-base/base-backend/node_modules/inversify/lib/inversify.js
23 error  @ ./src-gen/frontend/index.js
23 error
23 error WARNING in /Users/nacho/Development/node-backend-base/base-backend/node_modules/inversify/lib/planning/metadata_reader.js
23 error Module Warning (from /Users/nacho/Development/node-backend-base/base-backend/node_modules/source-map-loader/index.js):
23 error (Emitted value instead of an instance of Error) Cannot find source file '../../src/planning/metadata_reader.ts': Error: Can't resolve '../../src/planning/metadata_reader.ts' in '/Users/nacho/Development/node-backend-base/base-backend/node_modules/inversify/lib/planning'
23 error  @ /Users/nacho/Development/node-backend-base/base-backend/node_modules/inversify/lib/inversify.js 34:24-61
23 error  @ ./src-gen/frontend/index.js
23 error
23 error WARNING in /Users/nacho/Development/node-backend-base/base-backend/node_modules/inversify/lib/planning/plan.js
23 error Module Warning (from /Users/nacho/Development/node-backend-base/base-backend/node_modules/source-map-loader/index.js):
23 error (Emitted value instead of an instance of Error) Cannot find source file '../../src/planning/plan.ts': Error: Can't resolve '../../src/planning/plan.ts' in '/Users/nacho/Development/node-backend-base/base-backend/node_modules/inversify/lib/planning'
23 error  @ /Users/nacho/Development/node-backend-base/base-backend/node_modules/inversify/lib/planning/planner.js 12:13-30
23 error  @ /Users/nacho/Development/node-backend-base/base-backend/node_modules/inversify/lib/container/container.js
23 error  @ /Users/nacho/Development/node-backend-base/base-backend/node_modules/inversify/lib/inversify.js
23 error  @ ./src-gen/frontend/index.js
23 error
23 error WARNING in /Users/nacho/Development/node-backend-base/base-backend/node_modules/inversify/lib/planning/planner.js
23 error Module Warning (from /Users/nacho/Development/node-backend-base/base-backend/node_modules/source-map-loader/index.js):
23 error (Emitted value instead of an instance of Error) Cannot find source file '../../src/planning/planner.ts': Error: Can't resolve '../../src/planning/planner.ts' in '/Users/nacho/Development/node-backend-base/base-backend/node_modules/inversify/lib/planning'
23 error  @ /Users/nacho/Development/node-backend-base/base-backend/node_modules/inversify/lib/container/container.js 50:16-46
23 error  @ /Users/nacho/Development/node-backend-base/base-backend/node_modules/inversify/lib/inversify.js
23 error  @ ./src-gen/frontend/index.js
23 error
23 error WARNING in /Users/nacho/Development/node-backend-base/base-backend/node_modules/inversify/lib/planning/queryable_string.js
23 error Module Warning (from /Users/nacho/Development/node-backend-base/base-backend/node_modules/source-map-loader/index.js):
23 error (Emitted value instead of an instance of Error) Cannot find source file '../../src/planning/queryable_string.ts': Error: Can't resolve '../../src/planning/queryable_string.ts' in '/Users/nacho/Development/node-backend-base/base-backend/node_modules/inversify/lib/planning'
23 error  @ /Users/nacho/Development/node-backend-base/base-backend/node_modules/inversify/lib/planning/target.js 7:25-54
23 error  @ /Users/nacho/Development/node-backend-base/base-backend/node_modules/inversify/lib/planning/planner.js
23 error  @ /Users/nacho/Development/node-backend-base/base-backend/node_modules/inversify/lib/container/container.js
23 error  @ /Users/nacho/Development/node-backend-base/base-backend/node_modules/inversify/lib/inversify.js
23 error  @ ./src-gen/frontend/index.js
23 error
23 error WARNING in /Users/nacho/Development/node-backend-base/base-backend/node_modules/inversify/lib/planning/reflection_utils.js
23 error Module Warning (from /Users/nacho/Development/node-backend-base/base-backend/node_modules/source-map-loader/index.js):
23 error (Emitted value instead of an instance of Error) Cannot find source file '../../src/planning/reflection_utils.ts': Error: Can't resolve '../../src/planning/reflection_utils.ts' in '/Users/nacho/Development/node-backend-base/base-backend/node_modules/inversify/lib/planning'
23 error  @ /Users/nacho/Development/node-backend-base/base-backend/node_modules/inversify/lib/planning/planner.js 13:25-54
23 error  @ /Users/nacho/Development/node-backend-base/base-backend/node_modules/inversify/lib/container/container.js
23 error  @ /Users/nacho/Development/node-backend-base/base-backend/node_modules/inversify/lib/inversify.js
23 error  @ ./src-gen/frontend/index.js
23 error
23 error WARNING in /Users/nacho/Development/node-backend-base/base-backend/node_modules/inversify/lib/planning/request.js
23 error Module Warning (from /Users/nacho/Development/node-backend-base/base-backend/node_modules/source-map-loader/index.js):
23 error (Emitted value instead of an instance of Error) Cannot find source file '../../src/planning/request.ts': Error: Can't resolve '../../src/planning/request.ts' in '/Users/nacho/Development/node-backend-base/base-backend/node_modules/inversify/lib/planning'
23 error  @ /Users/nacho/Development/node-backend-base/base-backend/node_modules/inversify/lib/planning/planner.js 14:16-36
23 error  @ /Users/nacho/Development/node-backend-base/base-backend/node_modules/inversify/lib/container/container.js
23 error  @ /Users/nacho/Development/node-backend-base/base-backend/node_modules/inversify/lib/inversify.js
23 error  @ ./src-gen/frontend/index.js
23 error
23 error WARNING in /Users/nacho/Development/node-backend-base/base-backend/node_modules/inversify/lib/planning/target.js
23 error Module Warning (from /Users/nacho/Development/node-backend-base/base-backend/node_modules/source-map-loader/index.js):
23 error (Emitted value instead of an instance of Error) Cannot find source file '../../src/planning/target.ts': Error: Can't resolve '../../src/planning/target.ts' in '/Users/nacho/Development/node-backend-base/base-backend/node_modules/inversify/lib/planning'
23 error  @ /Users/nacho/Development/node-backend-base/base-backend/node_modules/inversify/lib/planning/planner.js 15:15-34
23 error  @ /Users/nacho/Development/node-backend-base/base-backend/node_modules/inversify/lib/container/container.js
23 error  @ /Users/nacho/Development/node-backend-base/base-backend/node_modules/inversify/lib/inversify.js
23 error  @ ./src-gen/frontend/index.js
23 error
23 error WARNING in /Users/nacho/Development/node-backend-base/base-backend/node_modules/inversify/lib/resolution/instantiation.js
23 error Module Warning (from /Users/nacho/Development/node-backend-base/base-backend/node_modules/source-map-loader/index.js):
23 error (Emitted value instead of an instance of Error) Cannot find source file '../../src/resolution/instantiation.ts': Error: Can't resolve '../../src/resolution/instantiation.ts' in '/Users/nacho/Development/node-backend-base/base-backend/node_modules/inversify/lib/resolution'
23 error  @ /Users/nacho/Development/node-backend-base/base-backend/node_modules/inversify/lib/resolution/resolver.js 8:22-48
23 error  @ /Users/nacho/Development/node-backend-base/base-backend/node_modules/inversify/lib/container/container.js
23 error  @ /Users/nacho/Development/node-backend-base/base-backend/node_modules/inversify/lib/inversify.js
23 error  @ ./src-gen/frontend/index.js
23 error
23 error WARNING in /Users/nacho/Development/node-backend-base/base-backend/node_modules/inversify/lib/resolution/resolver.js
23 error Module Warning (from /Users/nacho/Development/node-backend-base/base-backend/node_modules/source-map-loader/index.js):
23 error (Emitted value instead of an instance of Error) Cannot find source file '../../src/resolution/resol
23 error ver.ts': Error: Can't resolve '../../src/resolution/resolver.ts' in '/Users/nacho/Development/node-backend-base/base-backend/node_modules/inversify/lib/resolution'
23 error  @ /Users/nacho/Development/node-backend-base/base-backend/node_modules/inversify/lib/container/container.js 51:17-50
23 error  @ /Users/nacho/Development/node-backend-base/base-backend/node_modules/inversify/lib/inversify.js
23 error  @ ./src-gen/frontend/index.js
23 error
23 error WARNING in /Users/nacho/Development/node-backend-base/base-backend/node_modules/inversify/lib/syntax/binding_in_syntax.js
23 error Module Warning (from /Users/nacho/Development/node-backend-base/base-backend/node_modules/source-map-loader/index.js):
23 error (Emitted value instead of an instance of Error) Cannot find source file '../../src/syntax/binding_in_syntax.ts': Error: Can't resolve '../../src/syntax/binding_in_syntax.ts' in '/Users/nacho/Development/node-backend-base/base-backend/node_modules/inversify/lib/syntax'
23 error  @ /Users/nacho/Development/node-backend-base/base-backend/node_modules/inversify/lib/syntax/binding_in_when_on_syntax.js 4:26-56
23 error  @ /Users/nacho/Development/node-backend-base/base-backend/node_modules/inversify/lib/syntax/binding_to_syntax.js
23 error  @ /Users/nacho/Development/node-backend-base/base-backend/node_modules/inversify/lib/container/container.js
23 error  @ /Users/nacho/Development/node-backend-base/base-backend/node_modules/inversify/lib/inversify.js
23 error  @ ./src-gen/frontend/index.js
23 error
23 error WARNING in /Users/nacho/Development/node-backend-base/base-backend/node_modules/inversify/lib/syntax/binding_in_when_on_syntax.js
23 error Module Warning (from /Users/nacho/Development/node-backend-base/base-backend/node_modules/source-map-loader/index.js):
23 error (Emitted value instead of an instance of Error) Cannot find source file '../../src/syntax/binding_in_when_on_syntax.ts': Error: Can't resolve '../../src/syntax/binding_in_when_on_syntax.ts' in '/Users/nacho/Development/node-backend-base/base-backend/node_modules/inversify/lib/syntax'
23 error  @ /Users/nacho/Development/node-backend-base/base-backend/node_modules/inversify/lib/syntax/binding_to_syntax.js 6:34-72
23 error  @ /Users/nacho/Development/node-backend-base/base-backend/node_modules/inversify/lib/container/container.js
23 error  @ /Users/nacho/Development/node-backend-base/base-backend/node_modules/inversify/lib/inversify.js
23 error  @ ./src-gen/frontend/index.js
23 error
23 error WARNING in /Users/nacho/Development/node-backend-base/base-backend/node_modules/inversify/lib/syntax/binding_on_syntax.js
23 error Module Warning (from /Users/nacho/Development/node-backend-base/base-backend/node_modules/source-map-loader/index.js):
23 error (Emitted value instead of an instance of Error) Cannot find source file '../../src/syntax/binding_on_syntax.ts': Error: Can't resolve '../../src/syntax/binding_on_syntax.ts' in '/Users/nacho/Development/node-backend-base/base-backend/node_modules/inversify/lib/syntax'
23 error  @ /Users/nacho/Development/node-backend-base/base-backend/node_modules/inversify/lib/syntax/binding_in_when_on_syntax.js 5:26-56
23 error  @ /Users/nacho/Development/node-backend-base/base-backend/node_modules/inversify/lib/syntax/binding_to_syntax.js
23 error  @ /Users/nacho/Development/node-backend-base/base-backend/node_modules/inversify/lib/container/container.js
23 error  @ /Users/nacho/Development/node-backend-base/base-backend/node_modules/inversify/lib/inversify.js
23 error  @ ./src-gen/frontend/index.js
23 error
23 error WARNING in /Users/nacho/Development/node-backend-base/base-backend/node_modules/inversify/lib/syntax/binding_to_syntax.js
23 error Module Warning (from /Users/nacho/Development/node-backend-base/base-backend/node_modules/source-map-loader/index.js):
23 error (Emitted value instead of an instance of Error) Cannot find source file '../../src/syntax/binding_to_syntax.ts': Error: Can't resolve '../../src/syntax/binding_to_syntax.ts' in '/Users/nacho/Development/node-backend-base/base-backend/node_modules/inversify/lib/syntax'
23 error  @ /Users/nacho/Development/node-backend-base/base-backend/node_modules/inversify/lib/container/container.js 52:26-64
23 error  @ /Users/nacho/Development/node-backend-base/base-backend/node_modules/inversify/lib/inversify.js
23 error  @ ./src-gen/frontend/index.js
23 error
23 error WARNING in /Users/nacho/Development/node-backend-base/base-backend/node_modules/inversify/lib/syntax/binding_when_on_syntax.js
23 error Module Warning (from /Users/nacho/Development/node-backend-base/base-backend/node_modules/source-map-loader/index.js):
23 error (Emitted value instead of an instance of Error) Cannot find source file '../../src/syntax/binding_when_on_syntax.ts': Error: Can't resolve '../../src/syntax/binding_when_on_syntax.ts' in '/Users/nacho/Development/node-backend-base/base-backend/node_modules/inversify/lib/syntax'
23 error  @ /Users/nacho/Development/node-backend-base/base-backend/node_modules/inversify/lib/syntax/binding_to_syntax.js 7:31-66
23 error  @ /Users/nacho/Development/node-backend-base/base-backend/node_modules/inversify/lib/container/container.js
23 error  @ /Users/nacho/Development/node-backend-base/base-backend/node_modules/inversify/lib/inversify.js
23 error  @ ./src-gen/frontend/index.js
23 error
23 error WARNING in /Users/nacho/Development/node-backend-base/base-backend/node_modules/inversify/lib/syntax/binding_when_syntax.js
23 error Module Warning (from /Users/nacho/Development/node-backend-base/base-backend/node_modules/source-map-loader/index.js):
23 error (Emitted value instead of an instance of Error) Cannot find source file '../../src/syntax/binding_when_syntax.ts': Error: Can't resolve '../../src/syntax/binding_when_syntax.ts' in '/Users/nacho/Development/node-backend-base/base-backend/node_modules/inversify/lib/syntax'
23 error  @ /Users/nacho/Development/node-backend-base/base-backend/node_modules/inversify/lib/syntax/binding_in_when_on_syntax.js 6:28-60
23 error  @ /Users/nacho/Development/node-backend-base/base-backend/node_modules/inversify/lib/syntax/binding_to_syntax.js
23 error  @ /Users/nacho/Development/node-backend-base/base-backend/node_modules/inversify/lib/container/container.js
23 error  @ /Users/nacho/Development/node-backend-base/base-backend/node_modules/inversify/lib/inversify.js
23 error  @ ./src-gen/frontend/index.js
23 error
23 error WARNING in /Users/nacho/Development/node-backend-base/base-backend/node_modules/inversify/lib/syntax/constraint_helpers.js
23 error Module Warning (from /Users/nacho/Development/node-backend-base/base-backend/node_modules/source-map-loader/index.js):
23 error (Emitted value instead of an instance of Error) Cannot find source file '../../src/syntax/constraint_helpers.ts': Error: Can't resolve '../../src/syntax/constraint_helpers.ts' in '/Users/nacho/Development/node-backend-base/base-backend/node_modules/inversify/lib/syntax'
23 error  @ /Users/nacho/Development/node-backend-base/base-backend/node_modules/inversify/lib/inversify.js 40:27-65
23 error  @ ./src-gen/frontend/index.js
23 error
23 error WARNING in /Users/nacho/Development/node-backend-base/base-backend/node_modules/inversify/lib/utils/binding_utils.js
23 error Module Warning (from /Users/nacho/Development/node-backend-base/base-backend/node_modules/source-map-loader/index.js):
23 error (Emitted value instead of an instance of Error) Cannot find source file '../../src/utils/binding_utils.ts': Error: Can't resolve '../../src/utils/binding_utils.ts' in '/Users/nacho/Development/node-backend-base/base-backend/node_modules/inversify/lib/utils'
23 error  @ /Users/nacho/Development/node-backend-base/base-backend/node_modules/inversify/lib/inversify.js 47:22-54
23 error  @ ./src-gen/frontend/index.js
23 error
23 error WARNING in /Users/nacho/Development/node-backend-base/base-backend/node_modules/inversify/lib/utils/exceptions.js
23 error Module Warning (from /Users/nacho/Development/node-backend-base/base-backend/node_modules/source-map-loader/index.js):
23 error (Emitted value instead of an instance of Error) Cannot find source file '../../src/utils/exceptions.ts': Error: Can't resolve '../../src/utils/exceptions.ts' in '/Users/nacho/Development/node-backend-base/base-backend/node_modules/inversify/lib/utils'
23 error  @ /Users/nacho/Development/node-backend-base/base-backend/node_modules/inversify/lib/planning/planner.js 8:19-49
23 error  @ /Users/nacho/Development/node-backend-base/base-backend/node_modules/inversify/lib/container/container.js
23 error  @ /Users/nacho/Development/node-backend-base/base-backend/node_modules/inversify/lib/inversify.js
23 error  @ ./src-gen/frontend/index.js
23 error
23 error WARNING in /Users/nacho/Development/node-backend-base/base-backend/node_modules/inversify/lib/utils/id.js
23 error Module Warning (f
23 error rom /Users/nacho/Development/node-backend-base/base-backend/node_modules/source-map-loader/index.js):
23 error (Emitted value instead of an instance of Error) Cannot find source file '../../src/utils/id.ts': Error: Can't resolve '../../src/utils/id.ts' in '/Users/nacho/Development/node-backend-base/base-backend/node_modules/inversify/lib/utils'
23 error  @ /Users/nacho/Development/node-backend-base/base-backend/node_modules/inversify/lib/inversify.js 36:11-32
23 error  @ ./src-gen/frontend/index.js
23 error
23 error WARNING in /Users/nacho/Development/node-backend-base/base-backend/node_modules/inversify/lib/utils/serialization.js
23 error Module Warning (from /Users/nacho/Development/node-backend-base/base-backend/node_modules/source-map-loader/index.js):
23 error (Emitted value instead of an instance of Error) Cannot find source file '../../src/utils/serialization.ts': Error: Can't resolve '../../src/utils/serialization.ts' in '/Users/nacho/Development/node-backend-base/base-backend/node_modules/inversify/lib/utils'
23 error  @ /Users/nacho/Development/node-backend-base/base-backend/node_modules/inversify/lib/inversify.js 45:22-54
23 error  @ ./src-gen/frontend/index.js
23 error
23 error WARNING in /Users/nacho/Development/node-backend-base/base-backend/node_modules/inversify/lib/inversify.js
23 error Module Warning (from /Users/nacho/Development/node-backend-base/base-backend/node_modules/source-map-loader/index.js):
23 error (Emitted value instead of an instance of Error) Cannot find source file '../src/inversify.ts': Error: Can't resolve '../src/inversify.ts' in '/Users/nacho/Development/node-backend-base/base-backend/node_modules/inversify/lib'
23 error  @ ./src-gen/frontend/index.js 4:22-42
23 error
23 error ERROR in ./src-gen/frontend/index.js
23 error Module not found: Error: Can't resolve 'es6-promise/auto' in '/Users/nacho/Development/node-backend-base/base-backend/examples/browser/src-gen/frontend'
23 error  @ ./src-gen/frontend/index.js 2:0-27
23 error
23 error info Visit https://yarnpkg.com/en/docs/cli/run for documentation about this command.
23 error
23 error     at /Users/nacho/Development/node-backend-base/base-backend/node_modules/execa/index.js:236:11
